<?xml version="1.0" encoding="UTF-8"?>
<!-- Generated by org.testng.reporters.JUnitReportReporter -->
<testsuite hostname="PT269LT" failures="0" tests="3" name="newweb.Projectextentreports" time="8.233" errors="0" timestamp="2024-06-04T07:26:15 IST" skipped="0">
  <testcase classname="newweb.Projectextentreports" name="loginFailed" time="2.437"/>
  <system-out/>
  <testcase classname="newweb.Projectextentreports" name="loginPositive" time="2.439"/>
  <system-out/>
  <testcase classname="newweb.Projectextentreports" name="LaunchBrowser" time="3.357"/>
  <system-out/>
</testsuite> <!-- newweb.Projectextentreports -->
