<?xml version="1.0" encoding="UTF-8"?>
<!-- Generated by org.testng.reporters.JUnitReportReporter -->
<testsuite hostname="PT269LT" failures="0" tests="1" name="newweb.ClickMenubutton" time="9.002" errors="0" timestamp="2024-04-25T17:09:36 IST" skipped="0">
  <testcase classname="newweb.ClickMenubutton" name="ClickMenuItems" time="9.002"/>
</testsuite> <!-- newweb.ClickMenubutton -->
