<?xml version="1.0" encoding="UTF-8"?>
<!-- Generated by org.testng.reporters.JUnitReportReporter -->
<testsuite hostname="PT269LT" failures="0" tests="1" name="newweb.myntra" time="11.993" errors="0" timestamp="2024-05-27T11:27:59 IST" skipped="0">
  <testcase classname="newweb.myntra" name="GetDetailsProductintoTextFile" time="11.993"/>
</testsuite> <!-- newweb.myntra -->
