<?xml version="1.0" encoding="UTF-8"?>
<!-- Generated by org.testng.reporters.JUnitReportReporter -->
<testsuite hostname="PT269LT" failures="0" tests="20" name="newweb.vectorfile4" time="34.129" errors="0" timestamp="2024-06-07T00:33:17 IST" skipped="0">
  <testcase classname="newweb.vectorfile4" name="checkOrderDetailsInOrderHistory" time="1.589"/>
  <system-out/>
  <testcase classname="newweb.vectorfile4" name="clickOrderHistorySection" time="1.565"/>
  <system-out/>
  <testcase classname="newweb.vectorfile4" name="receiveOrderConfirmationPageAndEmail" time="1.587"/>
  <system-out/>
  <testcase classname="newweb.vectorfile4" name="verifyOrderStatusesInOrderHistory" time="1.414"/>
  <system-out/>
  <testcase classname="newweb.vectorfile4" name="verifyCheckoutPageURL" time="1.558"/>
  <system-out/>
  <testcase classname="newweb.vectorfile4" name="selectShippingMethodAndVerifyDeliveryDate" time="1.467"/>
  <system-out/>
  <testcase classname="newweb.vectorfile4" name="verifyOrderHistoryAccuracy" time="1.521"/>
  <system-out/>
  <testcase classname="newweb.vectorfile4" name="LaunchBrowser" time="2.784"/>
  <system-out/>
  <testcase classname="newweb.vectorfile4" name="verifyOrderConfirmationPage" time="1.645"/>
  <system-out/>
  <testcase classname="newweb.vectorfile4" name="navigateToCheckoutPage1" time="1.597"/>
  <system-out/>
  <testcase classname="newweb.vectorfile4" name="viewOrderHistory_LoginAndNavigateToDashboard" time="1.611"/>
  <system-out/>
  <testcase classname="newweb.vectorfile4" name="choosePaymentMethodAndCompletePurchase1" time="1.562"/>
  <system-out/>
  <testcase classname="newweb.vectorfile4" name="addToCartAndProceedToCheckout" time="1.782"/>
  <system-out/>
  <testcase classname="newweb.vectorfile4" name="choosePaymentMethodAndCompletePurchase" time="1.568"/>
  <system-out/>
  <testcase classname="newweb.vectorfile4" name="selectShippingMethodAndVerifyDeliveryDate1" time="2.902"/>
  <system-out/>
  <testcase classname="newweb.vectorfile4" name="locatePaymentMethodSection" time="1.630"/>
  <system-out/>
  <testcase classname="newweb.vectorfile4" name="checkSecurityBadgesOnCheckoutPage" time="1.645"/>
  <system-out/>
  <testcase classname="newweb.vectorfile4" name="navigateToCheckoutPage" time="1.506"/>
  <system-out/>
  <testcase classname="newweb.vectorfile4" name="proceedToCheckoutWithFilledCart" time="1.590"/>
  <system-out/>
  <testcase classname="newweb.vectorfile4" name="enterShippingAndBillingInformation" time="1.606"/>
  <system-out/>
</testsuite> <!-- newweb.vectorfile4 -->
