<?xml version="1.0" encoding="UTF-8"?>
<!-- Generated by org.testng.reporters.JUnitReportReporter -->
<testsuite hostname="PT269LT" failures="0" tests="21" name="newweb.vectorfile5" time="34.751" errors="0" timestamp="2024-06-07T01:01:17 IST" skipped="0">
  <testcase classname="newweb.vectorfile5" name="LaunchBrowser" time="2.428"/>
  <system-out/>
  <testcase classname="newweb.vectorfile5" name="navigateToShoppingCartPage1" time="1.630"/>
  <system-out/>
  <testcase classname="newweb.vectorfile5" name="navigateToShoppingCartPage11" time="1.577"/>
  <system-out/>
  <testcase classname="newweb.vectorfile5" name="findOptionToRemoveItem" time="1.479"/>
  <system-out/>
  <testcase classname="newweb.vectorfile5" name="locateItemInCartToRemove" time="1.572"/>
  <system-out/>
  <testcase classname="newweb.vectorfile5" name="locateItemInCartToRemove1" time="1.734"/>
  <system-out/>
  <testcase classname="newweb.vectorfile5" name="clickToRemoveItemFromCart" time="1.592"/>
  <system-out/>
  <testcase classname="newweb.vectorfile5" name="selectShippingMethod" time="1.448"/>
  <system-out/>
  <testcase classname="newweb.vectorfile5" name="proceedToCheckout" time="1.635"/>
  <system-out/>
  <testcase classname="newweb.vectorfile5" name="verifyItemRemovedFromCart" time="1.562"/>
  <system-out/>
  <testcase classname="newweb.vectorfile5" name="completePurchase" time="2.196"/>
  <system-out/>
  <testcase classname="newweb.vectorfile5" name="enterPaymentDetails" time="1.616"/>
  <system-out/>
  <testcase classname="newweb.vectorfile5" name="locateShippingMethodSection" time="1.566"/>
  <system-out/>
  <testcase classname="newweb.vectorfile5" name="navigateToCheckoutPageForShipping" time="1.535"/>
  <system-out/>
  <testcase classname="newweb.vectorfile5" name="navigateToShoppingCartPage" time="1.532"/>
  <system-out/>
  <testcase classname="newweb.vectorfile5" name="selectPaymentMethod" time="1.607"/>
  <system-out/>
  <testcase classname="newweb.vectorfile5" name="clickToRemoveItemFromCart1" time="1.674"/>
  <system-out/>
  <testcase classname="newweb.vectorfile5" name="checkTotalPriceAfterItemRemoval" time="1.537"/>
  <system-out/>
  <testcase classname="newweb.vectorfile5" name="verifyEstimatedDeliveryDate" time="1.578"/>
  <system-out/>
  <testcase classname="newweb.vectorfile5" name="enterShippingInformation" time="1.434"/>
  <system-out/>
  <testcase classname="newweb.vectorfile5" name="findOptionToRemoveItem1" time="1.819"/>
  <system-out/>
</testsuite> <!-- newweb.vectorfile5 -->
