<?xml version="1.0" encoding="UTF-8"?>
<!-- Generated by org.testng.reporters.JUnitReportReporter -->
<testsuite hostname="PT269LT" failures="0" tests="3" name="newweb.ProjectFlipkartTesting" time="19.282" errors="0" timestamp="2024-05-30T12:59:52 IST" skipped="0">
  <testcase classname="newweb.ProjectFlipkartTesting" name="ClicktoSearch" time="9.518"/>
  <testcase classname="newweb.ProjectFlipkartTesting" name="changebackgroundimage" time="3.069"/>
  <testcase classname="newweb.ProjectFlipkartTesting" name="DropdownSearch" time="6.695"/>
</testsuite> <!-- newweb.ProjectFlipkartTesting -->
